<?xml version="1.0" encoding="UTF-8"?>
<testng-results ignored="0" total="2" passed="2" failed="0" skipped="0">
  <reporter-output>
  </reporter-output>
  <suite started-at="2024-04-13T18:30:16 IST" name="Suite" finished-at="2024-04-13T18:30:49 IST" duration-ms="32778">
    <groups>
    </groups>
    <test started-at="2024-04-13T18:30:16 IST" name="Test" finished-at="2024-04-13T18:30:49 IST" duration-ms="32778">
      <class name="threadlocal.AutomationTest2">
        <test-method signature="test()[pri:0, instance:threadlocal.AutomationTest2@3bb9a3ff]" started-at="2024-04-13T18:30:16 IST" name="test" finished-at="2024-04-13T18:30:49 IST" duration-ms="32644" status="PASS">
          <reporter-output>
          </reporter-output>
        </test-method> <!-- test -->
      </class> <!-- threadlocal.AutomationTest2 -->
      <class name="threadlocal.AutomationTest">
        <test-method signature="test()[pri:0, instance:threadlocal.AutomationTest@4cc451f2]" started-at="2024-04-13T18:30:16 IST" name="test" finished-at="2024-04-13T18:30:49 IST" duration-ms="32752" status="PASS">
          <reporter-output>
          </reporter-output>
        </test-method> <!-- test -->
      </class> <!-- threadlocal.AutomationTest -->
    </test> <!-- Test -->
  </suite> <!-- Suite -->
</testng-results>
