<?xml version="1.0" encoding="UTF-8"?>
<testng-results ignored="0" total="1" passed="1" failed="0" skipped="0">
  <reporter-output>
  </reporter-output>
  <suite started-at="2024-04-23T14:17:39 IST" name="Default suite" finished-at="2024-04-23T14:18:13 IST" duration-ms="34368">
    <groups>
    </groups>
    <test started-at="2024-04-23T14:17:39 IST" name="Default test" finished-at="2024-04-23T14:18:13 IST" duration-ms="34368">
      <class name="threadlocal.AutomationTest">
        <test-method signature="test()[pri:0, instance:threadlocal.AutomationTest@a514af7]" started-at="2024-04-23T14:17:39 IST" name="test" finished-at="2024-04-23T14:18:13 IST" duration-ms="34339" status="PASS">
          <reporter-output>
          </reporter-output>
        </test-method> <!-- test -->
      </class> <!-- threadlocal.AutomationTest -->
    </test> <!-- Default test -->
  </suite> <!-- Default suite -->
</testng-results>
